<?xml version="1.0" encoding="UTF-8"?>
<testsuite xmlns:xsi="http://www.w3.org/2001/XMLSchema-instance" xsi:noNamespaceSchemaLocation="https://maven.apache.org/surefire/maven-surefire-plugin/xsd/surefire-test-report.xsd" name="com.example.goods.business.service.GoodsServiceMockTest" time="0" tests="13" errors="0" skipped="0" failures="0">
  <properties>
    <property name="sun.desktop" value="windows"/>
    <property name="awt.toolkit" value="sun.awt.windows.WToolkit"/>
    <property name="file.encoding.pkg" value="sun.io"/>
    <property name="java.specification.version" value="1.8"/>
    <property name="sun.cpu.isalist" value="amd64"/>
    <property name="sun.jnu.encoding" value="MS932"/>
    <property name="java.class.path" value="C:\17.Web.Warehouse\target\test-classes;C:\17.Web.Warehouse\target\classes;C:\windows\system32\config\systemprofile\.m2\repository\org\mybatis\spring\boot\mybatis-spring-boot-starter\1.3.2\mybatis-spring-boot-starter-1.3.2.jar;C:\windows\system32\config\systemprofile\.m2\repository\org\springframework\boot\spring-boot-starter\2.2.3.RELEASE\spring-boot-starter-2.2.3.RELEASE.jar;C:\windows\system32\config\systemprofile\.m2\repository\org\springframework\boot\spring-boot-starter-logging\2.2.3.RELEASE\spring-boot-starter-logging-2.2.3.RELEASE.jar;C:\windows\system32\config\systemprofile\.m2\repository\ch\qos\logback\logback-classic\1.2.3\logback-classic-1.2.3.jar;C:\windows\system32\config\systemprofile\.m2\repository\ch\qos\logback\logback-core\1.2.3\logback-core-1.2.3.jar;C:\windows\system32\config\systemprofile\.m2\repository\org\apache\logging\log4j\log4j-to-slf4j\2.12.1\log4j-to-slf4j-2.12.1.jar;C:\windows\system32\config\systemprofile\.m2\repository\org\slf4j\jul-to-slf4j\1.7.30\jul-to-slf4j-1.7.30.jar;C:\windows\system32\config\systemprofile\.m2\repository\jakarta\annotation\jakarta.annotation-api\1.3.5\jakarta.annotation-api-1.3.5.jar;C:\windows\system32\config\systemprofile\.m2\repository\org\yaml\snakeyaml\1.25\snakeyaml-1.25.jar;C:\windows\system32\config\systemprofile\.m2\repository\org\springframework\boot\spring-boot-starter-jdbc\2.2.3.RELEASE\spring-boot-starter-jdbc-2.2.3.RELEASE.jar;C:\windows\system32\config\systemprofile\.m2\repository\com\zaxxer\HikariCP\3.4.2\HikariCP-3.4.2.jar;C:\windows\system32\config\systemprofile\.m2\repository\org\springframework\spring-jdbc\5.2.3.RELEASE\spring-jdbc-5.2.3.RELEASE.jar;C:\windows\system32\config\systemprofile\.m2\repository\org\springframework\spring-tx\5.2.3.RELEASE\spring-tx-5.2.3.RELEASE.jar;C:\windows\system32\config\systemprofile\.m2\repository\org\mybatis\spring\boot\mybatis-spring-boot-autoconfigure\1.3.2\mybatis-spring-boot-autoconfigure-1.3.2.jar;C:\windows\system32\config\systemprofile\.m2\repository\org\mybatis\mybatis\3.4.6\mybatis-3.4.6.jar;C:\windows\system32\config\systemprofile\.m2\repository\org\mybatis\mybatis-spring\1.3.2\mybatis-spring-1.3.2.jar;C:\windows\system32\config\systemprofile\.m2\repository\org\springframework\boot\spring-boot-starter-aop\2.2.3.RELEASE\spring-boot-starter-aop-2.2.3.RELEASE.jar;C:\windows\system32\config\systemprofile\.m2\repository\org\springframework\spring-aop\5.2.3.RELEASE\spring-aop-5.2.3.RELEASE.jar;C:\windows\system32\config\systemprofile\.m2\repository\org\springframework\spring-beans\5.2.3.RELEASE\spring-beans-5.2.3.RELEASE.jar;C:\windows\system32\config\systemprofile\.m2\repository\org\aspectj\aspectjweaver\1.9.5\aspectjweaver-1.9.5.jar;C:\windows\system32\config\systemprofile\.m2\repository\org\springframework\boot\spring-boot-starter-thymeleaf\2.2.3.RELEASE\spring-boot-starter-thymeleaf-2.2.3.RELEASE.jar;C:\windows\system32\config\systemprofile\.m2\repository\org\thymeleaf\thymeleaf-spring5\3.0.11.RELEASE\thymeleaf-spring5-3.0.11.RELEASE.jar;C:\windows\system32\config\systemprofile\.m2\repository\org\thymeleaf\thymeleaf\3.0.11.RELEASE\thymeleaf-3.0.11.RELEASE.jar;C:\windows\system32\config\systemprofile\.m2\repository\org\attoparser\attoparser\2.0.5.RELEASE\attoparser-2.0.5.RELEASE.jar;C:\windows\system32\config\systemprofile\.m2\repository\org\unbescape\unbescape\1.1.6.RELEASE\unbescape-1.1.6.RELEASE.jar;C:\windows\system32\config\systemprofile\.m2\repository\org\thymeleaf\extras\thymeleaf-extras-java8time\3.0.4.RELEASE\thymeleaf-extras-java8time-3.0.4.RELEASE.jar;C:\windows\system32\config\systemprofile\.m2\repository\org\springframework\boot\spring-boot-starter-validation\2.2.3.RELEASE\spring-boot-starter-validation-2.2.3.RELEASE.jar;C:\windows\system32\config\systemprofile\.m2\repository\jakarta\validation\jakarta.validation-api\2.0.2\jakarta.validation-api-2.0.2.jar;C:\windows\system32\config\systemprofile\.m2\repository\org\apache\tomcat\embed\tomcat-embed-el\9.0.30\tomcat-embed-el-9.0.30.jar;C:\windows\system32\config\systemprofile\.m2\repository\org\hibernate\validator\hibernate-validator\6.0.18.Final\hibernate-validator-6.0.18.Final.jar;C:\windows\system32\config\systemprofile\.m2\repository\org\jboss\logging\jboss-logging\3.4.1.Final\jboss-logging-3.4.1.Final.jar;C:\windows\system32\config\systemprofile\.m2\repository\com\fasterxml\classmate\1.5.1\classmate-1.5.1.jar;C:\windows\system32\config\systemprofile\.m2\repository\org\springframework\boot\spring-boot-starter-web\2.2.3.RELEASE\spring-boot-starter-web-2.2.3.RELEASE.jar;C:\windows\system32\config\systemprofile\.m2\repository\org\springframework\boot\spring-boot-starter-json\2.2.3.RELEASE\spring-boot-starter-json-2.2.3.RELEASE.jar;C:\windows\system32\config\systemprofile\.m2\repository\com\fasterxml\jackson\core\jackson-databind\2.10.2\jackson-databind-2.10.2.jar;C:\windows\system32\config\systemprofile\.m2\repository\com\fasterxml\jackson\core\jackson-annotations\2.10.2\jackson-annotations-2.10.2.jar;C:\windows\system32\config\systemprofile\.m2\repository\com\fasterxml\jackson\core\jackson-core\2.10.2\jackson-core-2.10.2.jar;C:\windows\system32\config\systemprofile\.m2\repository\com\fasterxml\jackson\datatype\jackson-datatype-jdk8\2.10.2\jackson-datatype-jdk8-2.10.2.jar;C:\windows\system32\config\systemprofile\.m2\repository\com\fasterxml\jackson\datatype\jackson-datatype-jsr310\2.10.2\jackson-datatype-jsr310-2.10.2.jar;C:\windows\system32\config\systemprofile\.m2\repository\com\fasterxml\jackson\module\jackson-module-parameter-names\2.10.2\jackson-module-parameter-names-2.10.2.jar;C:\windows\system32\config\systemprofile\.m2\repository\org\springframework\boot\spring-boot-starter-tomcat\2.2.3.RELEASE\spring-boot-starter-tomcat-2.2.3.RELEASE.jar;C:\windows\system32\config\systemprofile\.m2\repository\org\apache\tomcat\embed\tomcat-embed-core\9.0.30\tomcat-embed-core-9.0.30.jar;C:\windows\system32\config\systemprofile\.m2\repository\org\apache\tomcat\embed\tomcat-embed-websocket\9.0.30\tomcat-embed-websocket-9.0.30.jar;C:\windows\system32\config\systemprofile\.m2\repository\org\springframework\spring-web\5.2.3.RELEASE\spring-web-5.2.3.RELEASE.jar;C:\windows\system32\config\systemprofile\.m2\repository\org\springframework\spring-webmvc\5.2.3.RELEASE\spring-webmvc-5.2.3.RELEASE.jar;C:\windows\system32\config\systemprofile\.m2\repository\org\springframework\spring-context\5.2.3.RELEASE\spring-context-5.2.3.RELEASE.jar;C:\windows\system32\config\systemprofile\.m2\repository\org\springframework\spring-expression\5.2.3.RELEASE\spring-expression-5.2.3.RELEASE.jar;C:\windows\system32\config\systemprofile\.m2\repository\org\projectlombok\lombok\1.18.10\lombok-1.18.10.jar;C:\windows\system32\config\systemprofile\.m2\repository\com\google\guava\guava\14.0\guava-14.0.jar;C:\windows\system32\config\systemprofile\.m2\repository\org\springframework\boot\spring-boot-starter-test\2.2.3.RELEASE\spring-boot-starter-test-2.2.3.RELEASE.jar;C:\windows\system32\config\systemprofile\.m2\repository\org\springframework\boot\spring-boot-test\2.2.3.RELEASE\spring-boot-test-2.2.3.RELEASE.jar;C:\windows\system32\config\systemprofile\.m2\repository\org\springframework\boot\spring-boot-test-autoconfigure\2.2.3.RELEASE\spring-boot-test-autoconfigure-2.2.3.RELEASE.jar;C:\windows\system32\config\systemprofile\.m2\repository\com\jayway\jsonpath\json-path\2.4.0\json-path-2.4.0.jar;C:\windows\system32\config\systemprofile\.m2\repository\net\minidev\json-smart\2.3\json-smart-2.3.jar;C:\windows\system32\config\systemprofile\.m2\repository\net\minidev\accessors-smart\1.2\accessors-smart-1.2.jar;C:\windows\system32\config\systemprofile\.m2\repository\org\ow2\asm\asm\5.0.4\asm-5.0.4.jar;C:\windows\system32\config\systemprofile\.m2\repository\jakarta\xml\bind\jakarta.xml.bind-api\2.3.2\jakarta.xml.bind-api-2.3.2.jar;C:\windows\system32\config\systemprofile\.m2\repository\jakarta\activation\jakarta.activation-api\1.2.1\jakarta.activation-api-1.2.1.jar;C:\windows\system32\config\systemprofile\.m2\repository\org\junit\jupiter\junit-jupiter\5.5.2\junit-jupiter-5.5.2.jar;C:\windows\system32\config\systemprofile\.m2\repository\org\junit\jupiter\junit-jupiter-api\5.5.2\junit-jupiter-api-5.5.2.jar;C:\windows\system32\config\systemprofile\.m2\repository\org\opentest4j\opentest4j\1.2.0\opentest4j-1.2.0.jar;C:\windows\system32\config\systemprofile\.m2\repository\org\junit\platform\junit-platform-commons\1.5.2\junit-platform-commons-1.5.2.jar;C:\windows\system32\config\systemprofile\.m2\repository\org\junit\jupiter\junit-jupiter-params\5.5.2\junit-jupiter-params-5.5.2.jar;C:\windows\system32\config\systemprofile\.m2\repository\org\junit\jupiter\junit-jupiter-engine\5.5.2\junit-jupiter-engine-5.5.2.jar;C:\windows\system32\config\systemprofile\.m2\repository\org\junit\vintage\junit-vintage-engine\5.5.2\junit-vintage-engine-5.5.2.jar;C:\windows\system32\config\systemprofile\.m2\repository\org\apiguardian\apiguardian-api\1.1.0\apiguardian-api-1.1.0.jar;C:\windows\system32\config\systemprofile\.m2\repository\org\junit\platform\junit-platform-engine\1.5.2\junit-platform-engine-1.5.2.jar;C:\windows\system32\config\systemprofile\.m2\repository\org\mockito\mockito-junit-jupiter\3.1.0\mockito-junit-jupiter-3.1.0.jar;C:\windows\system32\config\systemprofile\.m2\repository\org\assertj\assertj-core\3.13.2\assertj-core-3.13.2.jar;C:\windows\system32\config\systemprofile\.m2\repository\org\hamcrest\hamcrest\2.1\hamcrest-2.1.jar;C:\windows\system32\config\systemprofile\.m2\repository\org\mockito\mockito-core\3.1.0\mockito-core-3.1.0.jar;C:\windows\system32\config\systemprofile\.m2\repository\net\bytebuddy\byte-buddy\1.10.6\byte-buddy-1.10.6.jar;C:\windows\system32\config\systemprofile\.m2\repository\net\bytebuddy\byte-buddy-agent\1.10.6\byte-buddy-agent-1.10.6.jar;C:\windows\system32\config\systemprofile\.m2\repository\org\skyscreamer\jsonassert\1.5.0\jsonassert-1.5.0.jar;C:\windows\system32\config\systemprofile\.m2\repository\com\vaadin\external\google\android-json\0.0.20131108.vaadin1\android-json-0.0.20131108.vaadin1.jar;C:\windows\system32\config\systemprofile\.m2\repository\org\springframework\spring-core\5.2.3.RELEASE\spring-core-5.2.3.RELEASE.jar;C:\windows\system32\config\systemprofile\.m2\repository\org\springframework\spring-jcl\5.2.3.RELEASE\spring-jcl-5.2.3.RELEASE.jar;C:\windows\system32\config\systemprofile\.m2\repository\org\springframework\spring-test\5.2.3.RELEASE\spring-test-5.2.3.RELEASE.jar;C:\windows\system32\config\systemprofile\.m2\repository\org\xmlunit\xmlunit-core\2.6.3\xmlunit-core-2.6.3.jar;C:\windows\system32\config\systemprofile\.m2\repository\com\github\springtestdbunit\spring-test-dbunit\1.3.0\spring-test-dbunit-1.3.0.jar;C:\windows\system32\config\systemprofile\.m2\repository\org\dbunit\dbunit\2.5.4\dbunit-2.5.4.jar;C:\windows\system32\config\systemprofile\.m2\repository\org\slf4j\slf4j-api\1.7.30\slf4j-api-1.7.30.jar;C:\windows\system32\config\systemprofile\.m2\repository\commons-collections\commons-collections\3.2.2\commons-collections-3.2.2.jar;C:\windows\system32\config\systemprofile\.m2\repository\org\apache\poi\poi-ooxml\3.14\poi-ooxml-3.14.jar;C:\windows\system32\config\systemprofile\.m2\repository\org\apache\poi\poi\3.14\poi-3.14.jar;C:\windows\system32\config\systemprofile\.m2\repository\commons-codec\commons-codec\1.13\commons-codec-1.13.jar;C:\windows\system32\config\systemprofile\.m2\repository\org\apache\poi\poi-ooxml-schemas\3.14\poi-ooxml-schemas-3.14.jar;C:\windows\system32\config\systemprofile\.m2\repository\org\apache\xmlbeans\xmlbeans\2.6.0\xmlbeans-2.6.0.jar;C:\windows\system32\config\systemprofile\.m2\repository\stax\stax-api\1.0.1\stax-api-1.0.1.jar;C:\windows\system32\config\systemprofile\.m2\repository\com\github\virtuald\curvesapi\1.03\curvesapi-1.03.jar;C:\windows\system32\config\systemprofile\.m2\repository\org\springframework\boot\spring-boot-devtools\2.2.3.RELEASE\spring-boot-devtools-2.2.3.RELEASE.jar;C:\windows\system32\config\systemprofile\.m2\repository\org\springframework\boot\spring-boot\2.2.3.RELEASE\spring-boot-2.2.3.RELEASE.jar;C:\windows\system32\config\systemprofile\.m2\repository\org\springframework\boot\spring-boot-autoconfigure\2.2.3.RELEASE\spring-boot-autoconfigure-2.2.3.RELEASE.jar;C:\windows\system32\config\systemprofile\.m2\repository\mysql\mysql-connector-java\8.0.19\mysql-connector-java-8.0.19.jar;C:\windows\system32\config\systemprofile\.m2\repository\org\apache\logging\log4j\log4j-api\2.3\log4j-api-2.3.jar;C:\windows\system32\config\systemprofile\.m2\repository\org\apache\logging\log4j\log4j-core\2.3\log4j-core-2.3.jar;C:\windows\system32\config\systemprofile\.m2\repository\junit\junit\4.12\junit-4.12.jar;C:\windows\system32\config\systemprofile\.m2\repository\org\hamcrest\hamcrest-core\2.1\hamcrest-core-2.1.jar;C:\windows\system32\config\systemprofile\.m2\repository\org\easymock\easymock\3.4\easymock-3.4.jar;C:\windows\system32\config\systemprofile\.m2\repository\org\objenesis\objenesis\2.2\objenesis-2.2.jar;"/>
    <property name="java.vm.vendor" value="Oracle Corporation"/>
    <property name="sun.arch.data.model" value="64"/>
    <property name="user.variant" value=""/>
    <property name="java.vendor.url" value="http://java.oracle.com/"/>
    <property name="user.timezone" value="Asia/Tokyo"/>
    <property name="java.vm.specification.version" value="1.8"/>
    <property name="os.name" value="Windows 10"/>
    <property name="user.country" value="JP"/>
    <property name="sun.java.launcher" value="SUN_STANDARD"/>
    <property name="sun.boot.library.path" value="C:\ProgramData\Jenkins\.jenkins\tools\hudson.model.JDK\JDX_8_Update_131\jre\bin"/>
    <property name="sun.java.command" value="C:\windows\TEMP\surefire9033023525103573515\surefirebooter8338637061223898467.jar C:\Windows\Temp\surefire9033023525103573515 2022-10-11T11-19-23_586-jvmRun1 surefire80678248016812483tmp surefire_02533701888815873956tmp"/>
    <property name="surefire.test.class.path" value="C:\17.Web.Warehouse\target\test-classes;C:\17.Web.Warehouse\target\classes;C:\windows\system32\config\systemprofile\.m2\repository\org\mybatis\spring\boot\mybatis-spring-boot-starter\1.3.2\mybatis-spring-boot-starter-1.3.2.jar;C:\windows\system32\config\systemprofile\.m2\repository\org\springframework\boot\spring-boot-starter\2.2.3.RELEASE\spring-boot-starter-2.2.3.RELEASE.jar;C:\windows\system32\config\systemprofile\.m2\repository\org\springframework\boot\spring-boot-starter-logging\2.2.3.RELEASE\spring-boot-starter-logging-2.2.3.RELEASE.jar;C:\windows\system32\config\systemprofile\.m2\repository\ch\qos\logback\logback-classic\1.2.3\logback-classic-1.2.3.jar;C:\windows\system32\config\systemprofile\.m2\repository\ch\qos\logback\logback-core\1.2.3\logback-core-1.2.3.jar;C:\windows\system32\config\systemprofile\.m2\repository\org\apache\logging\log4j\log4j-to-slf4j\2.12.1\log4j-to-slf4j-2.12.1.jar;C:\windows\system32\config\systemprofile\.m2\repository\org\slf4j\jul-to-slf4j\1.7.30\jul-to-slf4j-1.7.30.jar;C:\windows\system32\config\systemprofile\.m2\repository\jakarta\annotation\jakarta.annotation-api\1.3.5\jakarta.annotation-api-1.3.5.jar;C:\windows\system32\config\systemprofile\.m2\repository\org\yaml\snakeyaml\1.25\snakeyaml-1.25.jar;C:\windows\system32\config\systemprofile\.m2\repository\org\springframework\boot\spring-boot-starter-jdbc\2.2.3.RELEASE\spring-boot-starter-jdbc-2.2.3.RELEASE.jar;C:\windows\system32\config\systemprofile\.m2\repository\com\zaxxer\HikariCP\3.4.2\HikariCP-3.4.2.jar;C:\windows\system32\config\systemprofile\.m2\repository\org\springframework\spring-jdbc\5.2.3.RELEASE\spring-jdbc-5.2.3.RELEASE.jar;C:\windows\system32\config\systemprofile\.m2\repository\org\springframework\spring-tx\5.2.3.RELEASE\spring-tx-5.2.3.RELEASE.jar;C:\windows\system32\config\systemprofile\.m2\repository\org\mybatis\spring\boot\mybatis-spring-boot-autoconfigure\1.3.2\mybatis-spring-boot-autoconfigure-1.3.2.jar;C:\windows\system32\config\systemprofile\.m2\repository\org\mybatis\mybatis\3.4.6\mybatis-3.4.6.jar;C:\windows\system32\config\systemprofile\.m2\repository\org\mybatis\mybatis-spring\1.3.2\mybatis-spring-1.3.2.jar;C:\windows\system32\config\systemprofile\.m2\repository\org\springframework\boot\spring-boot-starter-aop\2.2.3.RELEASE\spring-boot-starter-aop-2.2.3.RELEASE.jar;C:\windows\system32\config\systemprofile\.m2\repository\org\springframework\spring-aop\5.2.3.RELEASE\spring-aop-5.2.3.RELEASE.jar;C:\windows\system32\config\systemprofile\.m2\repository\org\springframework\spring-beans\5.2.3.RELEASE\spring-beans-5.2.3.RELEASE.jar;C:\windows\system32\config\systemprofile\.m2\repository\org\aspectj\aspectjweaver\1.9.5\aspectjweaver-1.9.5.jar;C:\windows\system32\config\systemprofile\.m2\repository\org\springframework\boot\spring-boot-starter-thymeleaf\2.2.3.RELEASE\spring-boot-starter-thymeleaf-2.2.3.RELEASE.jar;C:\windows\system32\config\systemprofile\.m2\repository\org\thymeleaf\thymeleaf-spring5\3.0.11.RELEASE\thymeleaf-spring5-3.0.11.RELEASE.jar;C:\windows\system32\config\systemprofile\.m2\repository\org\thymeleaf\thymeleaf\3.0.11.RELEASE\thymeleaf-3.0.11.RELEASE.jar;C:\windows\system32\config\systemprofile\.m2\repository\org\attoparser\attoparser\2.0.5.RELEASE\attoparser-2.0.5.RELEASE.jar;C:\windows\system32\config\systemprofile\.m2\repository\org\unbescape\unbescape\1.1.6.RELEASE\unbescape-1.1.6.RELEASE.jar;C:\windows\system32\config\systemprofile\.m2\repository\org\thymeleaf\extras\thymeleaf-extras-java8time\3.0.4.RELEASE\thymeleaf-extras-java8time-3.0.4.RELEASE.jar;C:\windows\system32\config\systemprofile\.m2\repository\org\springframework\boot\spring-boot-starter-validation\2.2.3.RELEASE\spring-boot-starter-validation-2.2.3.RELEASE.jar;C:\windows\system32\config\systemprofile\.m2\repository\jakarta\validation\jakarta.validation-api\2.0.2\jakarta.validation-api-2.0.2.jar;C:\windows\system32\config\systemprofile\.m2\repository\org\apache\tomcat\embed\tomcat-embed-el\9.0.30\tomcat-embed-el-9.0.30.jar;C:\windows\system32\config\systemprofile\.m2\repository\org\hibernate\validator\hibernate-validator\6.0.18.Final\hibernate-validator-6.0.18.Final.jar;C:\windows\system32\config\systemprofile\.m2\repository\org\jboss\logging\jboss-logging\3.4.1.Final\jboss-logging-3.4.1.Final.jar;C:\windows\system32\config\systemprofile\.m2\repository\com\fasterxml\classmate\1.5.1\classmate-1.5.1.jar;C:\windows\system32\config\systemprofile\.m2\repository\org\springframework\boot\spring-boot-starter-web\2.2.3.RELEASE\spring-boot-starter-web-2.2.3.RELEASE.jar;C:\windows\system32\config\systemprofile\.m2\repository\org\springframework\boot\spring-boot-starter-json\2.2.3.RELEASE\spring-boot-starter-json-2.2.3.RELEASE.jar;C:\windows\system32\config\systemprofile\.m2\repository\com\fasterxml\jackson\core\jackson-databind\2.10.2\jackson-databind-2.10.2.jar;C:\windows\system32\config\systemprofile\.m2\repository\com\fasterxml\jackson\core\jackson-annotations\2.10.2\jackson-annotations-2.10.2.jar;C:\windows\system32\config\systemprofile\.m2\repository\com\fasterxml\jackson\core\jackson-core\2.10.2\jackson-core-2.10.2.jar;C:\windows\system32\config\systemprofile\.m2\repository\com\fasterxml\jackson\datatype\jackson-datatype-jdk8\2.10.2\jackson-datatype-jdk8-2.10.2.jar;C:\windows\system32\config\systemprofile\.m2\repository\com\fasterxml\jackson\datatype\jackson-datatype-jsr310\2.10.2\jackson-datatype-jsr310-2.10.2.jar;C:\windows\system32\config\systemprofile\.m2\repository\com\fasterxml\jackson\module\jackson-module-parameter-names\2.10.2\jackson-module-parameter-names-2.10.2.jar;C:\windows\system32\config\systemprofile\.m2\repository\org\springframework\boot\spring-boot-starter-tomcat\2.2.3.RELEASE\spring-boot-starter-tomcat-2.2.3.RELEASE.jar;C:\windows\system32\config\systemprofile\.m2\repository\org\apache\tomcat\embed\tomcat-embed-core\9.0.30\tomcat-embed-core-9.0.30.jar;C:\windows\system32\config\systemprofile\.m2\repository\org\apache\tomcat\embed\tomcat-embed-websocket\9.0.30\tomcat-embed-websocket-9.0.30.jar;C:\windows\system32\config\systemprofile\.m2\repository\org\springframework\spring-web\5.2.3.RELEASE\spring-web-5.2.3.RELEASE.jar;C:\windows\system32\config\systemprofile\.m2\repository\org\springframework\spring-webmvc\5.2.3.RELEASE\spring-webmvc-5.2.3.RELEASE.jar;C:\windows\system32\config\systemprofile\.m2\repository\org\springframework\spring-context\5.2.3.RELEASE\spring-context-5.2.3.RELEASE.jar;C:\windows\system32\config\systemprofile\.m2\repository\org\springframework\spring-expression\5.2.3.RELEASE\spring-expression-5.2.3.RELEASE.jar;C:\windows\system32\config\systemprofile\.m2\repository\org\projectlombok\lombok\1.18.10\lombok-1.18.10.jar;C:\windows\system32\config\systemprofile\.m2\repository\com\google\guava\guava\14.0\guava-14.0.jar;C:\windows\system32\config\systemprofile\.m2\repository\org\springframework\boot\spring-boot-starter-test\2.2.3.RELEASE\spring-boot-starter-test-2.2.3.RELEASE.jar;C:\windows\system32\config\systemprofile\.m2\repository\org\springframework\boot\spring-boot-test\2.2.3.RELEASE\spring-boot-test-2.2.3.RELEASE.jar;C:\windows\system32\config\systemprofile\.m2\repository\org\springframework\boot\spring-boot-test-autoconfigure\2.2.3.RELEASE\spring-boot-test-autoconfigure-2.2.3.RELEASE.jar;C:\windows\system32\config\systemprofile\.m2\repository\com\jayway\jsonpath\json-path\2.4.0\json-path-2.4.0.jar;C:\windows\system32\config\systemprofile\.m2\repository\net\minidev\json-smart\2.3\json-smart-2.3.jar;C:\windows\system32\config\systemprofile\.m2\repository\net\minidev\accessors-smart\1.2\accessors-smart-1.2.jar;C:\windows\system32\config\systemprofile\.m2\repository\org\ow2\asm\asm\5.0.4\asm-5.0.4.jar;C:\windows\system32\config\systemprofile\.m2\repository\jakarta\xml\bind\jakarta.xml.bind-api\2.3.2\jakarta.xml.bind-api-2.3.2.jar;C:\windows\system32\config\systemprofile\.m2\repository\jakarta\activation\jakarta.activation-api\1.2.1\jakarta.activation-api-1.2.1.jar;C:\windows\system32\config\systemprofile\.m2\repository\org\junit\jupiter\junit-jupiter\5.5.2\junit-jupiter-5.5.2.jar;C:\windows\system32\config\systemprofile\.m2\repository\org\junit\jupiter\junit-jupiter-api\5.5.2\junit-jupiter-api-5.5.2.jar;C:\windows\system32\config\systemprofile\.m2\repository\org\opentest4j\opentest4j\1.2.0\opentest4j-1.2.0.jar;C:\windows\system32\config\systemprofile\.m2\repository\org\junit\platform\junit-platform-commons\1.5.2\junit-platform-commons-1.5.2.jar;C:\windows\system32\config\systemprofile\.m2\repository\org\junit\jupiter\junit-jupiter-params\5.5.2\junit-jupiter-params-5.5.2.jar;C:\windows\system32\config\systemprofile\.m2\repository\org\junit\jupiter\junit-jupiter-engine\5.5.2\junit-jupiter-engine-5.5.2.jar;C:\windows\system32\config\systemprofile\.m2\repository\org\junit\vintage\junit-vintage-engine\5.5.2\junit-vintage-engine-5.5.2.jar;C:\windows\system32\config\systemprofile\.m2\repository\org\apiguardian\apiguardian-api\1.1.0\apiguardian-api-1.1.0.jar;C:\windows\system32\config\systemprofile\.m2\repository\org\junit\platform\junit-platform-engine\1.5.2\junit-platform-engine-1.5.2.jar;C:\windows\system32\config\systemprofile\.m2\repository\org\mockito\mockito-junit-jupiter\3.1.0\mockito-junit-jupiter-3.1.0.jar;C:\windows\system32\config\systemprofile\.m2\repository\org\assertj\assertj-core\3.13.2\assertj-core-3.13.2.jar;C:\windows\system32\config\systemprofile\.m2\repository\org\hamcrest\hamcrest\2.1\hamcrest-2.1.jar;C:\windows\system32\config\systemprofile\.m2\repository\org\mockito\mockito-core\3.1.0\mockito-core-3.1.0.jar;C:\windows\system32\config\systemprofile\.m2\repository\net\bytebuddy\byte-buddy\1.10.6\byte-buddy-1.10.6.jar;C:\windows\system32\config\systemprofile\.m2\repository\net\bytebuddy\byte-buddy-agent\1.10.6\byte-buddy-agent-1.10.6.jar;C:\windows\system32\config\systemprofile\.m2\repository\org\skyscreamer\jsonassert\1.5.0\jsonassert-1.5.0.jar;C:\windows\system32\config\systemprofile\.m2\repository\com\vaadin\external\google\android-json\0.0.20131108.vaadin1\android-json-0.0.20131108.vaadin1.jar;C:\windows\system32\config\systemprofile\.m2\repository\org\springframework\spring-core\5.2.3.RELEASE\spring-core-5.2.3.RELEASE.jar;C:\windows\system32\config\systemprofile\.m2\repository\org\springframework\spring-jcl\5.2.3.RELEASE\spring-jcl-5.2.3.RELEASE.jar;C:\windows\system32\config\systemprofile\.m2\repository\org\springframework\spring-test\5.2.3.RELEASE\spring-test-5.2.3.RELEASE.jar;C:\windows\system32\config\systemprofile\.m2\repository\org\xmlunit\xmlunit-core\2.6.3\xmlunit-core-2.6.3.jar;C:\windows\system32\config\systemprofile\.m2\repository\com\github\springtestdbunit\spring-test-dbunit\1.3.0\spring-test-dbunit-1.3.0.jar;C:\windows\system32\config\systemprofile\.m2\repository\org\dbunit\dbunit\2.5.4\dbunit-2.5.4.jar;C:\windows\system32\config\systemprofile\.m2\repository\org\slf4j\slf4j-api\1.7.30\slf4j-api-1.7.30.jar;C:\windows\system32\config\systemprofile\.m2\repository\commons-collections\commons-collections\3.2.2\commons-collections-3.2.2.jar;C:\windows\system32\config\systemprofile\.m2\repository\org\apache\poi\poi-ooxml\3.14\poi-ooxml-3.14.jar;C:\windows\system32\config\systemprofile\.m2\repository\org\apache\poi\poi\3.14\poi-3.14.jar;C:\windows\system32\config\systemprofile\.m2\repository\commons-codec\commons-codec\1.13\commons-codec-1.13.jar;C:\windows\system32\config\systemprofile\.m2\repository\org\apache\poi\poi-ooxml-schemas\3.14\poi-ooxml-schemas-3.14.jar;C:\windows\system32\config\systemprofile\.m2\repository\org\apache\xmlbeans\xmlbeans\2.6.0\xmlbeans-2.6.0.jar;C:\windows\system32\config\systemprofile\.m2\repository\stax\stax-api\1.0.1\stax-api-1.0.1.jar;C:\windows\system32\config\systemprofile\.m2\repository\com\github\virtuald\curvesapi\1.03\curvesapi-1.03.jar;C:\windows\system32\config\systemprofile\.m2\repository\org\springframework\boot\spring-boot-devtools\2.2.3.RELEASE\spring-boot-devtools-2.2.3.RELEASE.jar;C:\windows\system32\config\systemprofile\.m2\repository\org\springframework\boot\spring-boot\2.2.3.RELEASE\spring-boot-2.2.3.RELEASE.jar;C:\windows\system32\config\systemprofile\.m2\repository\org\springframework\boot\spring-boot-autoconfigure\2.2.3.RELEASE\spring-boot-autoconfigure-2.2.3.RELEASE.jar;C:\windows\system32\config\systemprofile\.m2\repository\mysql\mysql-connector-java\8.0.19\mysql-connector-java-8.0.19.jar;C:\windows\system32\config\systemprofile\.m2\repository\org\apache\logging\log4j\log4j-api\2.3\log4j-api-2.3.jar;C:\windows\system32\config\systemprofile\.m2\repository\org\apache\logging\log4j\log4j-core\2.3\log4j-core-2.3.jar;C:\windows\system32\config\systemprofile\.m2\repository\junit\junit\4.12\junit-4.12.jar;C:\windows\system32\config\systemprofile\.m2\repository\org\hamcrest\hamcrest-core\2.1\hamcrest-core-2.1.jar;C:\windows\system32\config\systemprofile\.m2\repository\org\easymock\easymock\3.4\easymock-3.4.jar;C:\windows\system32\config\systemprofile\.m2\repository\org\objenesis\objenesis\2.2\objenesis-2.2.jar;"/>
    <property name="sun.cpu.endian" value="little"/>
    <property name="user.home" value="C:\windows\system32\config\systemprofile"/>
    <property name="user.language" value="ja"/>
    <property name="java.specification.vendor" value="Oracle Corporation"/>
    <property name="java.home" value="C:\ProgramData\Jenkins\.jenkins\tools\hudson.model.JDK\JDX_8_Update_131\jre"/>
    <property name="basedir" value="C:\17.Web.Warehouse"/>
    <property name="file.separator" value="\"/>
    <property name="line.separator" value="&#10;"/>
    <property name="java.vm.specification.vendor" value="Oracle Corporation"/>
    <property name="java.specification.name" value="Java Platform API Specification"/>
    <property name="java.awt.graphicsenv" value="sun.awt.Win32GraphicsEnvironment"/>
    <property name="surefire.real.class.path" value="C:\windows\TEMP\surefire9033023525103573515\surefirebooter8338637061223898467.jar"/>
    <property name="sun.boot.class.path" value="C:\ProgramData\Jenkins\.jenkins\tools\hudson.model.JDK\JDX_8_Update_131\jre\lib\resources.jar;C:\ProgramData\Jenkins\.jenkins\tools\hudson.model.JDK\JDX_8_Update_131\jre\lib\rt.jar;C:\ProgramData\Jenkins\.jenkins\tools\hudson.model.JDK\JDX_8_Update_131\jre\lib\sunrsasign.jar;C:\ProgramData\Jenkins\.jenkins\tools\hudson.model.JDK\JDX_8_Update_131\jre\lib\jsse.jar;C:\ProgramData\Jenkins\.jenkins\tools\hudson.model.JDK\JDX_8_Update_131\jre\lib\jce.jar;C:\ProgramData\Jenkins\.jenkins\tools\hudson.model.JDK\JDX_8_Update_131\jre\lib\charsets.jar;C:\ProgramData\Jenkins\.jenkins\tools\hudson.model.JDK\JDX_8_Update_131\jre\lib\jfr.jar;C:\ProgramData\Jenkins\.jenkins\tools\hudson.model.JDK\JDX_8_Update_131\jre\classes"/>
    <property name="user.script" value=""/>
    <property name="sun.management.compiler" value="HotSpot 64-Bit Tiered Compilers"/>
    <property name="java.runtime.version" value="1.8.0_131-b11"/>
    <property name="user.name" value="HLP03-538$"/>
    <property name="path.separator" value=";"/>
    <property name="os.version" value="10.0"/>
    <property name="java.endorsed.dirs" value="C:\ProgramData\Jenkins\.jenkins\tools\hudson.model.JDK\JDX_8_Update_131\jre\lib\endorsed"/>
    <property name="java.runtime.name" value="Java(TM) SE Runtime Environment"/>
    <property name="file.encoding" value="MS932"/>
    <property name="java.vm.name" value="Java HotSpot(TM) 64-Bit Server VM"/>
    <property name="localRepository" value="C:\windows\system32\config\systemprofile\.m2\repository"/>
    <property name="java.vendor.url.bug" value="http://bugreport.sun.com/bugreport/"/>
    <property name="java.io.tmpdir" value="C:\windows\TEMP\"/>
    <property name="java.version" value="1.8.0_131"/>
    <property name="user.dir" value="C:\17.Web.Warehouse"/>
    <property name="os.arch" value="amd64"/>
    <property name="java.vm.specification.name" value="Java Virtual Machine Specification"/>
    <property name="java.awt.printerjob" value="sun.awt.windows.WPrinterJob"/>
    <property name="sun.os.patch.level" value=""/>
    <property name="java.library.path" value="C:\ProgramData\Jenkins\.jenkins\tools\hudson.model.JDK\JDX_8_Update_131\jre\bin;C:\windows\Sun\Java\bin;C:\windows\system32;C:\windows;C:\ProgramData\Jenkins\.jenkins\tools\hudson.tasks.Maven_MavenInstallation\Maven_3.5.0/bin;C:\ProgramData\Jenkins\.jenkins\tools\hudson.model.JDK\JDX_8_Update_131/bin;C:\ProgramData\Jenkins\.jenkins\tools\hudson.model.JDK\JDX_8_Update_131/bin;C:\windows\system32;C:\windows;C:\windows\System32\Wbem;C:\windows\System32\WindowsPowerShell\v1.0\;C:\windows\System32\OpenSSH\;C:\Program Files (x86)\MySQL\MySQL Server 5.7\bin;C:\Program Files\Git\cmd;C:\windows\system32\config\systemprofile\AppData\Local\Microsoft\WindowsApps;."/>
    <property name="java.vm.info" value="mixed mode"/>
    <property name="java.vendor" value="Oracle Corporation"/>
    <property name="java.vm.version" value="25.131-b11"/>
    <property name="java.ext.dirs" value="C:\ProgramData\Jenkins\.jenkins\tools\hudson.model.JDK\JDX_8_Update_131\jre\lib\ext;C:\windows\Sun\Java\lib\ext"/>
    <property name="sun.io.unicode.encoding" value="UnicodeLittle"/>
    <property name="java.class.version" value="52.0"/>
  </properties>
  <testcase name="testFindGoods_正常系" classname="com.example.goods.business.service.GoodsServiceMockTest" time="0"/>
  <testcase name="testCanCreateGoods_正常系" classname="com.example.goods.business.service.GoodsServiceMockTest" time="0"/>
  <testcase name="testCreateGoods_正常系" classname="com.example.goods.business.service.GoodsServiceMockTest" time="0"/>
  <testcase name="testFindGoods_異常系_存在しない商品コード" classname="com.example.goods.business.service.GoodsServiceMockTest" time="0"/>
  <testcase name="testDeleteGoods_異常系_削除済みの商品コード" classname="com.example.goods.business.service.GoodsServiceMockTest" time="0"/>
  <testcase name="testCanCreateGoods_異常系_削除済みの商品コード" classname="com.example.goods.business.service.GoodsServiceMockTest" time="0"/>
  <testcase name="testCreateGoods_異常系_削除済みの商品コードの重複" classname="com.example.goods.business.service.GoodsServiceMockTest" time="0"/>
  <testcase name="testFindAllGoods_異常系_1件もない" classname="com.example.goods.business.service.GoodsServiceMockTest" time="0"/>
  <testcase name="testFindAllGoods_正常系" classname="com.example.goods.business.service.GoodsServiceMockTest" time="0"/>
  <testcase name="testDeleteGoods_異常系_存在しない商品コード" classname="com.example.goods.business.service.GoodsServiceMockTest" time="0"/>
  <testcase name="testCreateGoods_異常系_商品コードの重複" classname="com.example.goods.business.service.GoodsServiceMockTest" time="0"/>
  <testcase name="testDeleteGoods_正常系" classname="com.example.goods.business.service.GoodsServiceMockTest" time="0"/>
  <testcase name="testCanCreateGoods_異常系_登録済みの商品コード" classname="com.example.goods.business.service.GoodsServiceMockTest" time="0"/>
</testsuite>